PDO, general Select , 2019-06-07 03:13 PM: SELECT  *  FROM  , Table not set
PDO, general Select , 2019-06-07 03:15 PM: SELECT  *  FROM  , Table not set
PDO, general Select , 2019-06-07 03:18 PM: SELECT  *  FROM  , Table not set
PDO, general Select , 2019-06-07 03:20 PM: SELECT  *  FROM  , Table not set
PDO, general Select , 2019-06-07 03:22 PM: SELECT  *  FROM  , Table not set
PDO, general Select , 2019-06-07 03:22 PM: SELECT  *  FROM  , Table not set
PDO Select, 2019-06-07 04:19 PM: SELECT  *  FROM client , SQLSTATE[42000]: Syntax error or access violation: 1065 Query was empty
PDO Select, 2019-06-07 04:20 PM: SELECT  *  FROM client , SQLSTATE[42000]: Syntax error or access violation: 1065 Query was empty
PDO Select, 2019-06-07 04:21 PM: SELECT  *  FROM client , SQLSTATE[42000]: Syntax error or access violation: 1065 Query was empty
PDO Select, 2019-06-07 05:06 PM: SELECT  *  FROM clientWHERE email = 'admin@bbc.com' , SQLSTATE[42000]: Syntax error or access violation: 1064 You have an error in your SQL syntax; check the manual that corresponds to your MariaDB server version for the right syntax to use near '= 'admin@bbc.com'' at line 1
PDO Select, 2019-06-07 05:06 PM: SELECT  *  FROM clientWHERE email = 'admin@bbc.com' , SQLSTATE[42000]: Syntax error or access violation: 1064 You have an error in your SQL syntax; check the manual that corresponds to your MariaDB server version for the right syntax to use near '= 'admin@bbc.com'' at line 1
PDO Select, 2019-06-07 05:25 PM: SELECT  *  FROM clientWHERE email = :email , SQLSTATE[HY093]: Invalid parameter number: no parameters were bound
PDO Select, 2019-06-07 05:45 PM: SELECT  *  FROM client WHERE email = :email AND status = :status , SQLSTATE[HY093]: Invalid parameter number: parameter was not defined
PDO Select, 2019-06-07 05:45 PM: SELECT  *  FROM client WHERE email = :email AND status = :status , SQLSTATE[HY093]: Invalid parameter number: parameter was not defined
PDO Select, 2019-06-07 05:47 PM: SELECT  *  FROM clientWHERE email = 'admin@bbc.com' , SQLSTATE[42000]: Syntax error or access violation: 1064 You have an error in your SQL syntax; check the manual that corresponds to your MariaDB server version for the right syntax to use near '= 'admin@bbc.com'' at line 1
PDO Select, 2019-06-07 05:47 PM: SELECT  *  FROM client WHERE email = :email AND status = :status , SQLSTATE[HY093]: Invalid parameter number: parameter was not defined
PDO Select, 2019-06-07 05:50 PM: SELECT  *  FROM client WHERE email = :email AND status = :status , SQLSTATE[HY093]: Invalid parameter number: parameter was not defined
PDO Select, 2019-06-07 05:50 PM: SELECT  *  FROM client WHERE email = :email AND status = :status , SQLSTATE[HY093]: Invalid parameter number: parameter was not defined
PDO Select, 2019-06-07 05:52 PM: SELECT  *  FROM clientWHERE email = 'admin@bbc.com' , SQLSTATE[42000]: Syntax error or access violation: 1064 You have an error in your SQL syntax; check the manual that corresponds to your MariaDB server version for the right syntax to use near '= 'admin@bbc.com'' at line 1
PDO Select, 2019-06-07 05:52 PM: SELECT  *  FROM clientWHERE email = 'admin@bbc.com' , SQLSTATE[42000]: Syntax error or access violation: 1064 You have an error in your SQL syntax; check the manual that corresponds to your MariaDB server version for the right syntax to use near '= 'admin@bbc.com'' at line 1
PDO Select, 2019-06-07 05:54 PM: SELECT  *  FROM clientWHERE email = 'admin@bbc.com' , SQLSTATE[42000]: Syntax error or access violation: 1064 You have an error in your SQL syntax; check the manual that corresponds to your MariaDB server version for the right syntax to use near '= 'admin@bbc.com'' at line 1
PDO Select, 2019-06-07 05:54 PM: SELECT  *  FROM clientWHERE email = 'admin@bbc.com' , SQLSTATE[42000]: Syntax error or access violation: 1064 You have an error in your SQL syntax; check the manual that corresponds to your MariaDB server version for the right syntax to use near '= 'admin@bbc.com'' at line 1
PDO Select, 2019-06-07 05:55 PM: SELECT  *  FROM clientWHERE email = 'admin@bbc.com' , SQLSTATE[42000]: Syntax error or access violation: 1064 You have an error in your SQL syntax; check the manual that corresponds to your MariaDB server version for the right syntax to use near '= 'admin@bbc.com'' at line 1
PDO Select, 2019-06-07 05:55 PM: SELECT  *  FROM clientWHERE email = 'admin@bbc.com' , SQLSTATE[42000]: Syntax error or access violation: 1064 You have an error in your SQL syntax; check the manual that corresponds to your MariaDB server version for the right syntax to use near '= 'admin@bbc.com'' at line 1
PDO Select, 2019-06-07 05:55 PM: SELECT  *  FROM clientWHERE email = 'admin@bbc.com' , SQLSTATE[42000]: Syntax error or access violation: 1064 You have an error in your SQL syntax; check the manual that corresponds to your MariaDB server version for the right syntax to use near '= 'admin@bbc.com'' at line 1
PDO Select, 2019-06-07 05:56 PM: SELECT  *  FROM clientWHERE email = 'admin@bbc.com' , SQLSTATE[42000]: Syntax error or access violation: 1064 You have an error in your SQL syntax; check the manual that corresponds to your MariaDB server version for the right syntax to use near '= 'admin@bbc.com'' at line 1
PDO Select, 2019-06-07 05:57 PM: SELECT  *  FROM clientWHERE email = 'admin@bbc.com' , SQLSTATE[42000]: Syntax error or access violation: 1064 You have an error in your SQL syntax; check the manual that corresponds to your MariaDB server version for the right syntax to use near '= 'admin@bbc.com'' at line 1
PDO, general update , 2019-06-09 11:26 AM: UPDATE clientSET  , Data not set for Update.
PDO, general update , 2019-06-09 11:56 AM: UPDATE client SET  , Data not set for Update.
PDO Update, 2019-06-09 12:07 PM: UPDATE client SET last_ip = : _last_ip, last_login = : _last_login, remember_token = : _remember_token WHERE id = :id , SQLSTATE[HY093]: Invalid parameter number: number of bound variables does not match number of tokens
PDO Update, 2019-06-09 12:07 PM: UPDATE client SET last_ip = : _last_ip, last_login = : _last_login, remember_token = : _remember_token WHERE id = :id , SQLSTATE[HY093]: Invalid parameter number: number of bound variables does not match number of tokens
PDO Update, 2019-06-09 12:09 PM: UPDATE client SET last_ip = : _last_ip, last_login = : _last_login, remember_token = : _remember_token WHERE id = :id , SQLSTATE[HY093]: Invalid parameter number: number of bound variables does not match number of tokens
PDO Update, 2019-06-09 12:09 PM: UPDATE client SET last_ip = : _last_ip, last_login = : _last_login, remember_token = : _remember_token WHERE id = :id , SQLSTATE[HY093]: Invalid parameter number: number of bound variables does not match number of tokens
PDO Update, 2019-06-09 12:09 PM: UPDATE client SET last_ip = : _last_ip, last_login = : _last_login, remember_token = : _remember_token WHERE id = :id , SQLSTATE[HY093]: Invalid parameter number: number of bound variables does not match number of tokens
PDO Update, 2019-06-09 12:09 PM: UPDATE client SET last_ip = : _last_ip, last_login = : _last_login, remember_token = : _remember_token WHERE id = :id , SQLSTATE[HY093]: Invalid parameter number: number of bound variables does not match number of tokens
PDO Update, 2019-06-09 12:09 PM: UPDATE client SET last_ip = : _last_ip, last_login = : _last_login, remember_token = : _remember_token WHERE id = :id , SQLSTATE[HY093]: Invalid parameter number: number of bound variables does not match number of tokens
PDO Update, 2019-06-09 12:09 PM: UPDATE client SET last_ip = : _last_ip, last_login = : _last_login, remember_token = : _remember_token WHERE id = :id , SQLSTATE[HY093]: Invalid parameter number: number of bound variables does not match number of tokens
PDO Update, 2019-06-09 12:09 PM: UPDATE client SET last_ip = : _last_ip, last_login = : _last_login, remember_token = : _remember_token WHERE id = :id , SQLSTATE[HY093]: Invalid parameter number: number of bound variables does not match number of tokens
PDO Update, 2019-06-09 12:09 PM: UPDATE client SET last_ip = : _last_ip, last_login = : _last_login, remember_token = : _remember_token WHERE id = :id , SQLSTATE[HY093]: Invalid parameter number: number of bound variables does not match number of tokens
PDO Update, 2019-06-09 12:09 PM: UPDATE client SET last_ip = : _last_ip, last_login = : _last_login, remember_token = : _remember_token WHERE id = :id , SQLSTATE[HY093]: Invalid parameter number: number of bound variables does not match number of tokens
PDO Update, 2019-06-09 12:09 PM: UPDATE client SET last_ip = : _last_ip, last_login = : _last_login, remember_token = : _remember_token WHERE id = :id , SQLSTATE[HY093]: Invalid parameter number: number of bound variables does not match number of tokens
PDO Update, 2019-06-09 12:15 PM: UPDATE client SET last_ip = : _last_ip, last_login = : _last_login, remember_token = : _remember_token WHERE id = :id , SQLSTATE[HY093]: Invalid parameter number: number of bound variables does not match number of tokens
PDO Update, 2019-06-09 12:19 PM: UPDATE client SET last_ip = : _last_ip, last_login = : _last_login WHERE id = :id , SQLSTATE[HY093]: Invalid parameter number: number of bound variables does not match number of tokens
PDO Update, 2019-06-09 12:26 PM: UPDATE client SET last_ip = : _last_ip, last_login = : _last_login, remember_token = : _remember_token WHERE id = :id , SQLSTATE[HY093]: Invalid parameter number: number of bound variables does not match number of tokens
PDO Update, 2019-06-11 01:49 AM: UPDATE client SET last_ip = : _last_ip, last_login = : _last_login, remember_token = : _remember_token WHERE id = :id , SQLSTATE[HY093]: Invalid parameter number: number of bound variables does not match number of tokens
PDO Update, 2019-06-11 11:01 AM: UPDATE client SET rememeber_token = :_rememeber_token WHERE id = :id , SQLSTATE[42S22]: Column not found: 1054 Unknown column 'rememeber_token' in 'field list'
PDO Update, 2019-06-11 11:01 AM: UPDATE client SET rememeber_token = :_rememeber_token WHERE id = :id , SQLSTATE[42S22]: Column not found: 1054 Unknown column 'rememeber_token' in 'field list'
PDO Update, 2019-06-11 11:01 AM: UPDATE client SET rememeber_token = :_rememeber_token WHERE id = :id , SQLSTATE[42S22]: Column not found: 1054 Unknown column 'rememeber_token' in 'field list'
PDO Update, 2019-06-11 11:07 AM: UPDATE client SET rememeber_token = :_rememeber_token WHERE id = :id , SQLSTATE[42S22]: Column not found: 1054 Unknown column 'rememeber_token' in 'field list'
PDO Update, 2019-06-11 11:08 AM: UPDATE client SET rememeber_token = :_rememeber_token WHERE id = :id , SQLSTATE[42S22]: Column not found: 1054 Unknown column 'rememeber_token' in 'field list'
PDO Update, 2019-06-11 07:16 PM: UPDATE client SET rememeber_token = :_rememeber_token WHERE id = :id , SQLSTATE[42S22]: Column not found: 1054 Unknown column 'rememeber_token' in 'field list'
PDO Update, 2019-06-11 07:23 PM: UPDATE client SET rememeber_token = :_rememeber_token WHERE id = :id , SQLSTATE[42S22]: Column not found: 1054 Unknown column 'rememeber_token' in 'field list'
PDO Update, 2019-06-12 04:15 AM: UPDATE client SET rememeber_token = :_rememeber_token WHERE id = :id , SQLSTATE[42S22]: Column not found: 1054 Unknown column 'rememeber_token' in 'field list'
PDO Update, 2019-06-12 04:16 AM: UPDATE client SET rememeber_token = :_rememeber_token WHERE id = :id , SQLSTATE[42S22]: Column not found: 1054 Unknown column 'rememeber_token' in 'field list'
PDO Update, 2019-06-12 04:30 AM: UPDATE client SET rememeber_token = :_rememeber_token WHERE id = :id , SQLSTATE[42S22]: Column not found: 1054 Unknown column 'rememeber_token' in 'field list'
PDO Update, 2019-06-12 04:32 AM: UPDATE client SET rememeber_token = :_rememeber_token WHERE id = :id , SQLSTATE[42S22]: Column not found: 1054 Unknown column 'rememeber_token' in 'field list'
PDO Update, 2019-06-12 04:33 AM: UPDATE client SET rememeber_token = :_rememeber_token WHERE id = :id , SQLSTATE[42S22]: Column not found: 1054 Unknown column 'rememeber_token' in 'field list'
PDO Update, 2019-06-12 04:33 AM: UPDATE client SET rememeber_token = :_rememeber_token WHERE id = :id , SQLSTATE[42S22]: Column not found: 1054 Unknown column 'rememeber_token' in 'field list'
PDO Update, 2019-06-12 04:39 AM: UPDATE client SET rememeber_token = :_rememeber_token WHERE id = :id , SQLSTATE[42S22]: Column not found: 1054 Unknown column 'rememeber_token' in 'field list'
PDO Update, 2019-06-12 06:38 AM: UPDATE client SET rememeber_token = :_rememeber_token WHERE id = :id , SQLSTATE[42S22]: Column not found: 1054 Unknown column 'rememeber_token' in 'field list'
PDO Update, 2019-06-12 06:38 AM: UPDATE client SET rememeber_token = :_rememeber_token WHERE id = :id , SQLSTATE[42S22]: Column not found: 1054 Unknown column 'rememeber_token' in 'field list'
PDO Update, 2019-06-12 06:39 AM: UPDATE client SET rememeber_token = :_rememeber_token WHERE id = :id , SQLSTATE[42S22]: Column not found: 1054 Unknown column 'rememeber_token' in 'field list'
PDO Update, 2019-06-12 06:39 AM: UPDATE client SET rememeber_token = :_rememeber_token WHERE id = :id , SQLSTATE[42S22]: Column not found: 1054 Unknown column 'rememeber_token' in 'field list'
PDO Update, 2019-06-13 01:15 AM: UPDATE client SET rememeber_token = :_rememeber_token WHERE id = :id , SQLSTATE[42S22]: Column not found: 1054 Unknown column 'rememeber_token' in 'field list'
PDO Update, 2019-06-13 03:14 AM: UPDATE client SET rememeber_token = :_rememeber_token WHERE id = :id , SQLSTATE[42S22]: Column not found: 1054 Unknown column 'rememeber_token' in 'field list'
